# JRE version: OpenJDK Runtime Environment (16.0.2+7) (build 16.0.2+7-67)
# Java VM: OpenJDK 64-Bit Server VM (16.0.2+7-67, mixed mode, sharing, tiered, compressed oops, compressed class ptrs, g1 gc, windows-amd64)
GC Precious Log:
 CPUs: 8 total, 8 available
 Memory: 8071M
 Large Page Support: Disabled
 NUMA Support: Disabled
 Compressed Oops: Enabled (32-bit)
 Heap Region Size: 1M
 Heap Min Capacity: 8M
 Heap Initial Capacity: 128M
 Heap Max Capacity: 2018M
 Pre-touch: Disabled
 Parallel Workers: 8
 Concurrent Workers: 2
 Concurrent Refinement Workers: 8
 Periodic GC: Disabled
Heap:
 garbage-first heap   total 604160K, used 512805K [0x0000000081e00000, 0x0000000100000000)
  region size 1024K, 4 young (4096K), 4 survivors (4096K)
 Metaspace       used 61501K, committed 62080K, reserved 1105920K
  class space    used 8320K, committed 8640K, reserved 1048576K
GC Heap History (20 events):
Event: 10.075 GC heap after
{Heap after GC invocations=21 (full 0):
 garbage-first heap   total 220160K, used 113445K [0x0000000081e00000, 0x0000000100000000)
  region size 1024K, 4 young (4096K), 4 survivors (4096K)
 Metaspace       used 61501K, committed 62080K, reserved 1105920K
  class space    used 8320K, committed 8640K, reserved 1048576K
}
Event: 10.223 GC heap before
{Heap before GC invocations=22 (full 0):
 garbage-first heap   total 220160K, used 153381K [0x0000000081e00000, 0x0000000100000000)
  region size 1024K, 34 young (34816K), 4 survivors (4096K)
 Metaspace       used 61501K, committed 62080K, reserved 1105920K
  class space    used 8320K, committed 8640K, reserved 1048576K
}
Event: 10.244 GC heap after
{Heap after GC invocations=23 (full 0):
 garbage-first heap   total 220160K, used 155429K [0x0000000081e00000, 0x0000000100000000)
  region size 1024K, 5 young (5120K), 5 survivors (5120K)
 Metaspace       used 61501K, committed 62080K, reserved 1105920K
  class space    used 8320K, committed 8640K, reserved 1048576K
}
Event: 10.276 GC heap before
{Heap before GC invocations=23 (full 0):
 garbage-first heap   total 220160K, used 167717K [0x0000000081e00000, 0x0000000100000000)
  region size 1024K, 17 young (17408K), 5 survivors (5120K)
 Metaspace       used 61501K, committed 62080K, reserved 1105920K
  class space    used 8320K, committed 8640K, reserved 1048576K
}
Event: 10.288 GC heap after
{Heap after GC invocations=24 (full 0):
 garbage-first heap   total 220160K, used 169253K [0x0000000081e00000, 0x0000000100000000)
  region size 1024K, 3 young (3072K), 3 survivors (3072K)
 Metaspace       used 61501K, committed 62080K, reserved 1105920K
  class space    used 8320K, committed 8640K, reserved 1048576K
}
Event: 10.311 GC heap before
{Heap before GC invocations=24 (full 0):
 garbage-first heap   total 220160K, used 176421K [0x0000000081e00000, 0x0000000100000000)
  region size 1024K, 10 young (10240K), 3 survivors (3072K)
 Metaspace       used 61501K, committed 62080K, reserved 1105920K
  class space    used 8320K, committed 8640K, reserved 1048576K
}
Event: 10.320 GC heap after
{Heap after GC invocations=25 (full 0):
 garbage-first heap   total 220160K, used 177897K [0x0000000081e00000, 0x0000000100000000)
  region size 1024K, 2 young (2048K), 2 survivors (2048K)
 Metaspace       used 61501K, committed 62080K, reserved 1105920K
  class space    used 8320K, committed 8640K, reserved 1048576K
}
Event: 10.344 GC heap before
{Heap before GC invocations=25 (full 0):
 garbage-first heap   total 220160K, used 186089K [0x0000000081e00000, 0x0000000100000000)
  region size 1024K, 10 young (10240K), 2 survivors (2048K)
 Metaspace       used 61501K, committed 62080K, reserved 1105920K
  class space    used 8320K, committed 8640K, reserved 1048576K
}
Event: 10.352 GC heap after
{Heap after GC invocations=26 (full 0):
 garbage-first heap   total 220160K, used 187193K [0x0000000081e00000, 0x0000000100000000)
  region size 1024K, 2 young (2048K), 2 survivors (2048K)
 Metaspace       used 61501K, committed 62080K, reserved 1105920K
  class space    used 8320K, committed 8640K, reserved 1048576K
}
Event: 10.399 GC heap before
{Heap before GC invocations=26 (full 0):
 garbage-first heap   total 220160K, used 195385K [0x0000000081e00000, 0x0000000100000000)
  region size 1024K, 10 young (10240K), 2 survivors (2048K)
 Metaspace       used 61501K, committed 62080K, reserved 1105920K
  class space    used 8320K, committed 8640K, reserved 1048576K
}
Event: 10.412 GC heap after
{Heap after GC invocations=27 (full 0):
 garbage-first heap   total 604160K, used 196096K [0x0000000081e00000, 0x0000000100000000)
  region size 1024K, 2 young (2048K), 2 survivors (2048K)
 Metaspace       used 61501K, committed 62080K, reserved 1105920K
  class space    used 8320K, committed 8640K, reserved 1048576K
}
Event: 10.946 GC heap before
{Heap before GC invocations=28 (full 0):
 garbage-first heap   total 604160K, used 328192K [0x0000000081e00000, 0x0000000100000000)
  region size 1024K, 119 young (121856K), 2 survivors (2048K)
 Metaspace       used 61501K, committed 62080K, reserved 1105920K
  class space    used 8320K, committed 8640K, reserved 1048576K
}
Event: 11.034 GC heap after
{Heap after GC invocations=29 (full 0):
 garbage-first heap   total 604160K, used 328181K [0x0000000081e00000, 0x0000000100000000)
  region size 1024K, 15 young (15360K), 15 survivors (15360K)
 Metaspace       used 61501K, committed 62080K, reserved 1105920K
  class space    used 8320K, committed 8640K, reserved 1048576K
}
Event: 11.135 GC heap before
{Heap before GC invocations=29 (full 0):
 garbage-first heap   total 604160K, used 367093K [0x0000000081e00000, 0x0000000100000000)
  region size 1024K, 54 young (55296K), 15 survivors (15360K)
 Metaspace       used 61501K, committed 62080K, reserved 1105920K
  class space    used 8320K, committed 8640K, reserved 1048576K
}
Event: 11.174 GC heap after
{Heap after GC invocations=30 (full 0):
 garbage-first heap   total 604160K, used 369445K [0x0000000081e00000, 0x0000000100000000)
  region size 1024K, 11 young (11264K), 11 survivors (11264K)
 Metaspace       used 61501K, committed 62080K, reserved 1105920K
  class space    used 8320K, committed 8640K, reserved 1048576K
}
Event: 11.448 GC heap before
{Heap before GC invocations=30 (full 0):
 garbage-first heap   total 604160K, used 456485K [0x0000000081e00000, 0x0000000100000000)
  region size 1024K, 63 young (64512K), 11 survivors (11264K)
 Metaspace       used 61501K, committed 62080K, reserved 1105920K
  class space    used 8320K, committed 8640K, reserved 1048576K
}
Event: 11.493 GC heap after
{Heap after GC invocations=31 (full 0):
 garbage-first heap   total 604160K, used 458021K [0x0000000081e00000, 0x0000000100000000)
  region size 1024K, 8 young (8192K), 8 survivors (8192K)
 Metaspace       used 61501K, committed 62080K, reserved 1105920K
  class space    used 8320K, committed 8640K, reserved 1048576K
}
Event: 11.601 GC heap before
{Heap before GC invocations=31 (full 0):
 garbage-first heap   total 604160K, used 483621K [0x0000000081e00000, 0x0000000100000000)
  region size 1024K, 33 young (33792K), 8 survivors (8192K)
 Metaspace       used 61501K, committed 62080K, reserved 1105920K
  class space    used 8320K, committed 8640K, reserved 1048576K
}
Event: 11.627 GC heap after
{Heap after GC invocations=32 (full 0):
 garbage-first heap   total 604160K, used 485669K [0x0000000081e00000, 0x0000000100000000)
  region size 1024K, 5 young (5120K), 5 survivors (5120K)
 Metaspace       used 61501K, committed 62080K, reserved 1105920K
  class space    used 8320K, committed 8640K, reserved 1048576K
}
Event: 11.708 GC heap before
{Heap before GC invocations=32 (full 0):
 garbage-first heap   total 604160K, used 510245K [0x0000000081e00000, 0x0000000100000000)
  region size 1024K, 29 young (29696K), 5 survivors (5120K)
 Metaspace       used 61501K, committed 62080K, reserved 1105920K
  class space    used 8320K, committed 8640K, reserved 1048576K
}

