# JRE version: OpenJDK Runtime Environment (16.0.2+7) (build 16.0.2+7-67)
# Java VM: OpenJDK 64-Bit Server VM (16.0.2+7-67, mixed mode, sharing, tiered, compressed oops, compressed class ptrs, g1 gc, windows-amd64)
GC Precious Log:
 CPUs: 8 total, 8 available
 Memory: 8071M
 Large Page Support: Disabled
 NUMA Support: Disabled
 Compressed Oops: Enabled (32-bit)
 Heap Region Size: 1M
 Heap Min Capacity: 8M
 Heap Initial Capacity: 128M
 Heap Max Capacity: 2018M
 Pre-touch: Disabled
 Parallel Workers: 8
 Concurrent Workers: 2
 Concurrent Refinement Workers: 8
 Periodic GC: Disabled
Heap:
 garbage-first heap   total 367616K, used 301140K [0x0000000081e00000, 0x0000000100000000)
  region size 1024K, 3 young (3072K), 3 survivors (3072K)
 Metaspace       used 61495K, committed 62016K, reserved 1105920K
  class space    used 8311K, committed 8576K, reserved 1048576K
GC Heap History (20 events):
Event: 21.135 GC heap after
{Heap after GC invocations=18 (full 0):
 garbage-first heap   total 115712K, used 36149K [0x0000000081e00000, 0x0000000100000000)
  region size 1024K, 6 young (6144K), 6 survivors (6144K)
 Metaspace       used 59120K, committed 59648K, reserved 1105920K
  class space    used 8023K, committed 8320K, reserved 1048576K
}
Event: 22.145 GC heap before
{Heap before GC invocations=19 (full 0):
 garbage-first heap   total 115712K, used 99637K [0x0000000081e00000, 0x0000000100000000)
  region size 1024K, 58 young (59392K), 6 survivors (6144K)
 Metaspace       used 61495K, committed 62016K, reserved 1105920K
  class space    used 8311K, committed 8576K, reserved 1048576K
}
Event: 22.191 GC heap after
{Heap after GC invocations=20 (full 0):
 garbage-first heap   total 145408K, used 85000K [0x0000000081e00000, 0x0000000100000000)
  region size 1024K, 8 young (8192K), 8 survivors (8192K)
 Metaspace       used 61495K, committed 62016K, reserved 1105920K
  class space    used 8311K, committed 8576K, reserved 1048576K
}
Event: 22.260 GC heap before
{Heap before GC invocations=20 (full 0):
 garbage-first heap   total 162816K, used 97288K [0x0000000081e00000, 0x0000000100000000)
  region size 1024K, 26 young (26624K), 8 survivors (8192K)
 Metaspace       used 61495K, committed 62016K, reserved 1105920K
  class space    used 8311K, committed 8576K, reserved 1048576K
}
Event: 22.294 GC heap after
{Heap after GC invocations=21 (full 0):
 garbage-first heap   total 162816K, used 98900K [0x0000000081e00000, 0x0000000100000000)
  region size 1024K, 4 young (4096K), 4 survivors (4096K)
 Metaspace       used 61495K, committed 62016K, reserved 1105920K
  class space    used 8311K, committed 8576K, reserved 1048576K
}
Event: 22.354 GC heap before
{Heap before GC invocations=22 (full 0):
 garbage-first heap   total 162816K, used 115284K [0x0000000081e00000, 0x0000000100000000)
  region size 1024K, 20 young (20480K), 4 survivors (4096K)
 Metaspace       used 61495K, committed 62016K, reserved 1105920K
  class space    used 8311K, committed 8576K, reserved 1048576K
}
Event: 22.363 GC heap after
{Heap after GC invocations=23 (full 0):
 garbage-first heap   total 162816K, used 118356K [0x0000000081e00000, 0x0000000100000000)
  region size 1024K, 3 young (3072K), 3 survivors (3072K)
 Metaspace       used 61495K, committed 62016K, reserved 1105920K
  class space    used 8311K, committed 8576K, reserved 1048576K
}
Event: 22.378 GC heap before
{Heap before GC invocations=23 (full 0):
 garbage-first heap   total 162816K, used 119380K [0x0000000081e00000, 0x0000000100000000)
  region size 1024K, 5 young (5120K), 3 survivors (3072K)
 Metaspace       used 61495K, committed 62016K, reserved 1105920K
  class space    used 8311K, committed 8576K, reserved 1048576K
}
Event: 22.383 GC heap after
{Heap after GC invocations=24 (full 0):
 garbage-first heap   total 162816K, used 120916K [0x0000000081e00000, 0x0000000100000000)
  region size 1024K, 2 young (2048K), 2 survivors (2048K)
 Metaspace       used 61495K, committed 62016K, reserved 1105920K
  class space    used 8311K, committed 8576K, reserved 1048576K
}
Event: 22.419 GC heap before
{Heap before GC invocations=24 (full 0):
 garbage-first heap   total 162816K, used 137300K [0x0000000081e00000, 0x0000000100000000)
  region size 1024K, 9 young (9216K), 2 survivors (2048K)
 Metaspace       used 61495K, committed 62016K, reserved 1105920K
  class space    used 8311K, committed 8576K, reserved 1048576K
}
Event: 22.430 GC heap after
{Heap after GC invocations=25 (full 0):
 garbage-first heap   total 367616K, used 137827K [0x0000000081e00000, 0x0000000100000000)
  region size 1024K, 2 young (2048K), 2 survivors (2048K)
 Metaspace       used 61495K, committed 62016K, reserved 1105920K
  class space    used 8311K, committed 8576K, reserved 1048576K
}
Event: 22.678 GC heap before
{Heap before GC invocations=26 (full 0):
 garbage-first heap   total 367616K, used 202339K [0x0000000081e00000, 0x0000000100000000)
  region size 1024K, 65 young (66560K), 2 survivors (2048K)
 Metaspace       used 61495K, committed 62016K, reserved 1105920K
  class space    used 8311K, committed 8576K, reserved 1048576K
}
Event: 22.713 GC heap after
{Heap after GC invocations=27 (full 0):
 garbage-first heap   total 367616K, used 203180K [0x0000000081e00000, 0x0000000100000000)
  region size 1024K, 9 young (9216K), 9 survivors (9216K)
 Metaspace       used 61495K, committed 62016K, reserved 1105920K
  class space    used 8311K, committed 8576K, reserved 1048576K
}
Event: 22.719 GC heap before
{Heap before GC invocations=27 (full 0):
 garbage-first heap   total 367616K, used 205228K [0x0000000081e00000, 0x0000000100000000)
  region size 1024K, 12 young (12288K), 9 survivors (9216K)
 Metaspace       used 61495K, committed 62016K, reserved 1105920K
  class space    used 8311K, committed 8576K, reserved 1048576K
}
Event: 22.726 GC heap after
{Heap after GC invocations=28 (full 0):
 garbage-first heap   total 367616K, used 208372K [0x0000000081e00000, 0x0000000100000000)
  region size 1024K, 3 young (3072K), 3 survivors (3072K)
 Metaspace       used 61495K, committed 62016K, reserved 1105920K
  class space    used 8311K, committed 8576K, reserved 1048576K
}
Event: 22.842 GC heap before
{Heap before GC invocations=28 (full 0):
 garbage-first heap   total 367616K, used 262644K [0x0000000081e00000, 0x0000000100000000)
  region size 1024K, 39 young (39936K), 3 survivors (3072K)
 Metaspace       used 61495K, committed 62016K, reserved 1105920K
  class space    used 8311K, committed 8576K, reserved 1048576K
}
Event: 22.872 GC heap after
{Heap after GC invocations=29 (full 0):
 garbage-first heap   total 367616K, used 263131K [0x0000000081e00000, 0x0000000100000000)
  region size 1024K, 5 young (5120K), 5 survivors (5120K)
 Metaspace       used 61495K, committed 62016K, reserved 1105920K
  class space    used 8311K, committed 8576K, reserved 1048576K
}
Event: 22.923 GC heap before
{Heap before GC invocations=29 (full 0):
 garbage-first heap   total 367616K, used 282587K [0x0000000081e00000, 0x0000000100000000)
  region size 1024K, 24 young (24576K), 5 survivors (5120K)
 Metaspace       used 61495K, committed 62016K, reserved 1105920K
  class space    used 8311K, committed 8576K, reserved 1048576K
}
Event: 22.939 GC heap after
{Heap after GC invocations=30 (full 0):
 garbage-first heap   total 367616K, used 284756K [0x0000000081e00000, 0x0000000100000000)
  region size 1024K, 3 young (3072K), 3 survivors (3072K)
 Metaspace       used 61495K, committed 62016K, reserved 1105920K
  class space    used 8311K, committed 8576K, reserved 1048576K
}
Event: 22.985 GC heap before
{Heap before GC invocations=30 (full 0):
 garbage-first heap   total 367616K, used 299092K [0x0000000081e00000, 0x0000000100000000)
  region size 1024K, 17 young (17408K), 3 survivors (3072K)
 Metaspace       used 61495K, committed 62016K, reserved 1105920K
  class space    used 8311K, committed 8576K, reserved 1048576K
}

